{"level":"info","message":"Api Gateway is running on port: 3000","service":"api-gateway","timestamp":"2026-02-23T19:43:54.901Z"}
{"level":"info","message":"Identity service is running on port:http://localhost:3001","service":"api-gateway","timestamp":"2026-02-23T19:43:54.902Z"}
{"level":"info","message":"Redis Url https://pro-tuna-36129.upstash.io","service":"api-gateway","timestamp":"2026-02-23T19:43:54.902Z"}
{"level":"info","message":"Api Gateway is running on port: 3000","service":"api-gateway","timestamp":"2026-02-23T19:44:26.742Z"}
{"level":"info","message":"Identity service is running on port http://localhost:3001","service":"api-gateway","timestamp":"2026-02-23T19:44:26.743Z"}
{"level":"info","message":"Redis Url https://pro-tuna-36129.upstash.io","service":"api-gateway","timestamp":"2026-02-23T19:44:26.743Z"}
{"level":"info","message":"Received POST request to /v1/auth/register","service":"api-gateway","timestamp":"2026-02-23T19:45:46.344Z"}
{"level":"info","message":"Received body, [object Object]","service":"api-gateway","timestamp":"2026-02-23T19:45:46.344Z"}
{"level":"info","message":"Response received from indentity service : 201","service":"api-gateway","timestamp":"2026-02-23T19:45:46.645Z"}
{"level":"info","message":"Received POST request to /v1/auth/register","service":"api-gateway","timestamp":"2026-02-23T19:46:48.211Z"}
{"level":"info","message":"Received body, [object Object]","service":"api-gateway","timestamp":"2026-02-23T19:46:48.211Z"}
{"level":"info","message":"Response received from indentity service : 400","service":"api-gateway","timestamp":"2026-02-23T19:46:48.331Z"}
{"level":"info","message":"Received POST request to /v1/auth/register","service":"api-gateway","timestamp":"2026-02-23T19:47:27.365Z"}
{"level":"info","message":"Received body, [object Object]","service":"api-gateway","timestamp":"2026-02-23T19:47:27.365Z"}
{"level":"info","message":"Response received from indentity service : 400","service":"api-gateway","timestamp":"2026-02-23T19:47:27.484Z"}
{"level":"info","message":"Received POST request to /v1/auth/register","service":"api-gateway","timestamp":"2026-02-23T19:47:35.003Z"}
{"level":"info","message":"Received body, [object Object]","service":"api-gateway","timestamp":"2026-02-23T19:47:35.003Z"}
{"level":"info","message":"Response received from indentity service : 400","service":"api-gateway","timestamp":"2026-02-23T19:47:35.116Z"}
{"level":"info","message":"Received POST request to /v1/auth/register","service":"api-gateway","timestamp":"2026-02-23T19:47:42.854Z"}
{"level":"info","message":"Received body, [object Object]","service":"api-gateway","timestamp":"2026-02-23T19:47:42.854Z"}
{"level":"info","message":"Response received from indentity service : 400","service":"api-gateway","timestamp":"2026-02-23T19:47:42.974Z"}
{"level":"info","message":"Received POST request to /v1/auth/login","service":"api-gateway","timestamp":"2026-02-23T20:01:23.686Z"}
{"level":"info","message":"Received body, [object Object]","service":"api-gateway","timestamp":"2026-02-23T20:01:23.686Z"}
{"level":"info","message":"Response received from indentity service : 200","service":"api-gateway","timestamp":"2026-02-23T20:01:24.254Z"}
{"level":"info","message":"Received POST request to /v1/auth/register","service":"api-gateway","timestamp":"2026-02-23T20:19:29.280Z"}
{"level":"info","message":"Received body, [object Object]","service":"api-gateway","timestamp":"2026-02-23T20:19:29.281Z"}
{"level":"info","message":"Response received from indentity service : 400","service":"api-gateway","timestamp":"2026-02-23T20:19:29.363Z"}
{"level":"info","message":"Received POST request to /v1/auth/register","service":"api-gateway","timestamp":"2026-02-23T20:19:37.300Z"}
{"level":"info","message":"Received body, [object Object]","service":"api-gateway","timestamp":"2026-02-23T20:19:37.300Z"}
{"level":"info","message":"Response received from indentity service : 400","service":"api-gateway","timestamp":"2026-02-23T20:19:37.383Z"}
{"level":"info","message":"Api Gateway is running on port: 3000","service":"api-gateway","timestamp":"2026-02-24T17:11:43.254Z"}
{"level":"info","message":"Identity service is running on port http://localhost:3001","service":"api-gateway","timestamp":"2026-02-24T17:11:43.257Z"}
{"level":"info","message":"Redis Url https://pro-tuna-36129.upstash.io","service":"api-gateway","timestamp":"2026-02-24T17:11:43.257Z"}
{"level":"info","message":"Api Gateway is running on port: 3000","service":"api-gateway","timestamp":"2026-02-24T17:25:24.308Z"}
{"level":"info","message":"Identity service is running on port http://localhost:3001","service":"api-gateway","timestamp":"2026-02-24T17:25:24.309Z"}
{"level":"info","message":"Redis Url https://pro-tuna-36129.upstash.io","service":"api-gateway","timestamp":"2026-02-24T17:25:24.309Z"}
{"level":"info","message":"Api Gateway is running on port: 3000","service":"api-gateway","timestamp":"2026-02-24T20:02:53.414Z"}
{"level":"info","message":"Identity service is running on port http://localhost:3001","service":"api-gateway","timestamp":"2026-02-24T20:02:53.415Z"}
{"level":"info","message":"Redis Url https://pro-tuna-36129.upstash.io","service":"api-gateway","timestamp":"2026-02-24T20:02:53.415Z"}
{"level":"info","message":"Api Gateway is running on port: 3000","service":"api-gateway","timestamp":"2026-02-24T20:14:59.909Z"}
{"level":"info","message":"Identity service is running on port http://localhost:3001","service":"api-gateway","timestamp":"2026-02-24T20:14:59.909Z"}
{"level":"info","message":"Redis Url https://pro-tuna-36129.upstash.io","service":"api-gateway","timestamp":"2026-02-24T20:14:59.909Z"}
{"level":"info","message":"Api Gateway is running on port: 3000","service":"api-gateway","timestamp":"2026-02-24T20:16:06.463Z"}
{"level":"info","message":"Identity service is running on port http://localhost:3001","service":"api-gateway","timestamp":"2026-02-24T20:16:06.464Z"}
{"level":"info","message":"Post service is running on port http://localhost:3002","service":"api-gateway","timestamp":"2026-02-24T20:16:06.464Z"}
{"level":"info","message":"Redis Url https://pro-tuna-36129.upstash.io","service":"api-gateway","timestamp":"2026-02-24T20:16:06.464Z"}
{"level":"info","message":"Received POST request to /v1/posts/create-post","service":"api-gateway","timestamp":"2026-02-24T20:18:19.832Z"}
{"level":"info","message":"Received body, [object Object]","service":"api-gateway","timestamp":"2026-02-24T20:18:19.832Z"}
{"level":"info","message":"Received POST request to /v1/posts/create-post","service":"api-gateway","timestamp":"2026-02-24T20:18:40.286Z"}
{"level":"info","message":"Received body, [object Object]","service":"api-gateway","timestamp":"2026-02-24T20:18:40.286Z"}
{"level":"info","message":"Received POST request to /v1/posts/create-post","service":"api-gateway","timestamp":"2026-02-24T20:19:09.997Z"}
{"level":"info","message":"Received body, [object Object]","service":"api-gateway","timestamp":"2026-02-24T20:19:09.998Z"}
{"level":"info","message":"Api Gateway is running on port: 3000","service":"api-gateway","timestamp":"2026-02-24T20:20:08.673Z"}
{"level":"info","message":"Identity service is running on port http://localhost:3001","service":"api-gateway","timestamp":"2026-02-24T20:20:08.674Z"}
{"level":"info","message":"Post service is running on port http://localhost:3002","service":"api-gateway","timestamp":"2026-02-24T20:20:08.674Z"}
{"level":"info","message":"Redis Url https://pro-tuna-36129.upstash.io","service":"api-gateway","timestamp":"2026-02-24T20:20:08.674Z"}
{"level":"info","message":"Received POST request to /v1/posts/create-post","service":"api-gateway","timestamp":"2026-02-24T20:20:11.364Z"}
{"level":"info","message":"Received body, [object Object]","service":"api-gateway","timestamp":"2026-02-24T20:20:11.365Z"}
{"level":"warn","message":"Acess attempt without valid token","service":"api-gateway","timestamp":"2026-02-24T20:20:11.365Z"}
{"level":"info","message":"Received GET request to /v1/auth/login","service":"api-gateway","timestamp":"2026-02-24T20:21:07.203Z"}
{"level":"info","message":"Received body, undefined","service":"api-gateway","timestamp":"2026-02-24T20:21:07.203Z"}
{"level":"error","message":"SyntaxError: JSON Parse error: Expected ':' before value in object property definition\n    at <parse> (:0)\n    at parse (unknown)\n    at parse (/Users/tusharmaithani/console/nodejs-tutorial/api-gateway/node_modules/body-parser/lib/types/json.js:72:19)\n    at <anonymous> (/Users/tusharmaithani/console/nodejs-tutorial/api-gateway/node_modules/body-parser/lib/read.js:162:18)\n    at runInAsyncScope (node:async_hooks:137:23)\n    at invokeCallback (/Users/tusharmaithani/console/nodejs-tutorial/api-gateway/node_modules/body-parser/node_modules/raw-body/index.js:238:16)\n    at done (/Users/tusharmaithani/console/nodejs-tutorial/api-gateway/node_modules/body-parser/node_modules/raw-body/index.js:227:7)\n    at onEnd (/Users/tusharmaithani/console/nodejs-tutorial/api-gateway/node_modules/body-parser/node_modules/raw-body/index.js:287:7)\n    at emit (node:events:92:22)\n    at endReadableNT (internal:streams/readable:861:50)\n    at processTicksAndRejections (native:7:39)","service":"api-gateway","timestamp":"2026-02-24T20:21:51.450Z"}
{"level":"info","message":"Received GET request to /v1/auth/login","service":"api-gateway","timestamp":"2026-02-24T20:22:00.716Z"}
{"level":"info","message":"Received body, [object Object]","service":"api-gateway","timestamp":"2026-02-24T20:22:00.716Z"}
{"level":"info","message":"Received GET request to /v1/auth/login","service":"api-gateway","timestamp":"2026-02-24T20:23:57.886Z"}
{"level":"info","message":"Received body, [object Object]","service":"api-gateway","timestamp":"2026-02-24T20:23:57.886Z"}
{"level":"info","message":"Api Gateway is running on port: 3000","service":"api-gateway","timestamp":"2026-02-24T20:24:15.626Z"}
{"level":"info","message":"Identity service is running on port http://localhost:3001","service":"api-gateway","timestamp":"2026-02-24T20:24:15.627Z"}
{"level":"info","message":"Post service is running on port http://localhost:3002","service":"api-gateway","timestamp":"2026-02-24T20:24:15.627Z"}
{"level":"info","message":"Redis Url https://pro-tuna-36129.upstash.io","service":"api-gateway","timestamp":"2026-02-24T20:24:15.627Z"}
{"level":"info","message":"Received GET request to /v1/auth/login","service":"api-gateway","timestamp":"2026-02-24T20:24:21.043Z"}
{"level":"info","message":"Received body, [object Object]","service":"api-gateway","timestamp":"2026-02-24T20:24:21.043Z"}
{"level":"info","message":"Received GET request to /v1/auth/login","service":"api-gateway","timestamp":"2026-02-24T20:25:16.959Z"}
{"level":"info","message":"Received body, [object Object]","service":"api-gateway","timestamp":"2026-02-24T20:25:16.960Z"}
{"level":"info","message":"Api Gateway is running on port: 3000","service":"api-gateway","timestamp":"2026-02-24T20:25:34.026Z"}
{"level":"info","message":"Identity service is running on port http://localhost:3001","service":"api-gateway","timestamp":"2026-02-24T20:25:34.027Z"}
{"level":"info","message":"Post service is running on port http://localhost:3002","service":"api-gateway","timestamp":"2026-02-24T20:25:34.027Z"}
{"level":"info","message":"Redis Url https://pro-tuna-36129.upstash.io","service":"api-gateway","timestamp":"2026-02-24T20:25:34.027Z"}
{"level":"info","message":"Api Gateway is running on port: 3000","service":"api-gateway","timestamp":"2026-02-24T20:26:57.668Z"}
{"level":"info","message":"Identity service is running on port http://localhost:3001","service":"api-gateway","timestamp":"2026-02-24T20:26:57.669Z"}
{"level":"info","message":"Post service is running on port http://localhost:3002","service":"api-gateway","timestamp":"2026-02-24T20:26:57.669Z"}
{"level":"info","message":"Redis Url https://pro-tuna-36129.upstash.io","service":"api-gateway","timestamp":"2026-02-24T20:26:57.669Z"}
{"level":"info","message":"Received GET request to /v1/auth/login","service":"api-gateway","timestamp":"2026-02-24T20:27:07.372Z"}
{"level":"info","message":"Received body, [object Object]","service":"api-gateway","timestamp":"2026-02-24T20:27:07.372Z"}
{"level":"info","message":"Api Gateway is running on port: 3000","service":"api-gateway","timestamp":"2026-02-24T20:29:28.342Z"}
{"level":"info","message":"Identity service is running on port http://localhost:3001","service":"api-gateway","timestamp":"2026-02-24T20:29:28.343Z"}
{"level":"info","message":"Post service is running on port http://localhost:3002","service":"api-gateway","timestamp":"2026-02-24T20:29:28.343Z"}
{"level":"info","message":"Redis Url https://pro-tuna-36129.upstash.io","service":"api-gateway","timestamp":"2026-02-24T20:29:28.343Z"}
{"level":"info","message":"Received GET request to /v1/auth/login","service":"api-gateway","timestamp":"2026-02-24T20:31:58.610Z"}
{"level":"info","message":"Received body, [object Object]","service":"api-gateway","timestamp":"2026-02-24T20:31:58.610Z"}
{"level":"info","message":"Received GET request to /v1/auth/login","service":"api-gateway","timestamp":"2026-02-24T20:33:42.361Z"}
{"level":"info","message":"Received body, [object Object]","service":"api-gateway","timestamp":"2026-02-24T20:33:42.361Z"}
{"level":"info","message":"Api Gateway is running on port: 3000","service":"api-gateway","timestamp":"2026-02-25T18:10:21.176Z"}
{"level":"info","message":"Identity service is running on port http://localhost:3001","service":"api-gateway","timestamp":"2026-02-25T18:10:21.177Z"}
{"level":"info","message":"Post service is running on port http://localhost:3002","service":"api-gateway","timestamp":"2026-02-25T18:10:21.177Z"}
{"level":"info","message":"Redis Url https://pro-tuna-36129.upstash.io","service":"api-gateway","timestamp":"2026-02-25T18:10:21.177Z"}
{"level":"info","message":"Received GET request to /v1/auth/login","service":"api-gateway","timestamp":"2026-02-25T18:11:07.717Z"}
{"level":"info","message":"Received body, [object Object]","service":"api-gateway","timestamp":"2026-02-25T18:11:07.718Z"}
{"level":"info","message":"Received GET request to /api/v1/auth/login","service":"api-gateway","timestamp":"2026-02-26T17:23:26.054Z"}
{"level":"info","message":"Received body, [object Object]","service":"api-gateway","timestamp":"2026-02-26T17:23:26.058Z"}
{"level":"info","message":"Api Gateway is running on port: 3000","service":"api-gateway","timestamp":"2026-02-26T17:24:59.493Z"}
{"level":"info","message":"Identity service is running on port http://localhost:3001","service":"api-gateway","timestamp":"2026-02-26T17:24:59.494Z"}
{"level":"info","message":"Post service is running on port http://localhost:3002","service":"api-gateway","timestamp":"2026-02-26T17:24:59.494Z"}
{"level":"info","message":"Redis Url https://pro-tuna-36129.upstash.io","service":"api-gateway","timestamp":"2026-02-26T17:24:59.494Z"}
{"level":"info","message":"Received GET request to /api/v1/auth/login","service":"api-gateway","timestamp":"2026-02-26T17:25:05.520Z"}
{"level":"info","message":"Received body, [object Object]","service":"api-gateway","timestamp":"2026-02-26T17:25:05.520Z"}
{"level":"info","message":"Received GET request to /v1/auth/login","service":"api-gateway","timestamp":"2026-02-26T17:25:13.587Z"}
{"level":"info","message":"Received body, [object Object]","service":"api-gateway","timestamp":"2026-02-26T17:25:13.587Z"}
{"level":"info","message":"Api Gateway is running on port: 3000","service":"api-gateway","timestamp":"2026-02-26T17:26:16.358Z"}
{"level":"info","message":"Identity service is running on port http://localhost:3001","service":"api-gateway","timestamp":"2026-02-26T17:26:16.359Z"}
{"level":"info","message":"Post service is running on port http://localhost:3002","service":"api-gateway","timestamp":"2026-02-26T17:26:16.359Z"}
{"level":"info","message":"Redis Url https://pro-tuna-36129.upstash.io","service":"api-gateway","timestamp":"2026-02-26T17:26:16.359Z"}
{"level":"info","message":"Received GET request to /v1/auth/login","service":"api-gateway","timestamp":"2026-02-26T17:26:31.325Z"}
{"level":"info","message":"Received body, [object Object]","service":"api-gateway","timestamp":"2026-02-26T17:26:31.326Z"}
{"level":"info","message":"Received GET request to /api/v1/auth/login","service":"api-gateway","timestamp":"2026-02-26T17:26:47.424Z"}
{"level":"info","message":"Received body, [object Object]","service":"api-gateway","timestamp":"2026-02-26T17:26:47.424Z"}
{"level":"info","message":"Received POST request to /api/v1/auth/login","service":"api-gateway","timestamp":"2026-02-26T17:26:57.853Z"}
{"level":"info","message":"Received body, [object Object]","service":"api-gateway","timestamp":"2026-02-26T17:26:57.854Z"}
{"level":"info","message":"Received POST request to /v1/auth/login","service":"api-gateway","timestamp":"2026-02-26T17:27:22.425Z"}
{"level":"info","message":"Received body, [object Object]","service":"api-gateway","timestamp":"2026-02-26T17:27:22.425Z"}
{"level":"info","message":"Response received from indentity service : 200","service":"api-gateway","timestamp":"2026-02-26T17:27:22.981Z"}
{"level":"info","message":"Received POST request to /v1/posts/create-post","service":"api-gateway","timestamp":"2026-02-26T17:28:09.294Z"}
{"level":"info","message":"Received body, [object Object]","service":"api-gateway","timestamp":"2026-02-26T17:28:09.294Z"}
{"level":"warn","message":"Invalid token!","service":"api-gateway","timestamp":"2026-02-26T17:28:09.295Z"}
{"level":"info","message":"Api Gateway is running on port: 3000","service":"api-gateway","timestamp":"2026-02-26T17:29:15.061Z"}
{"level":"info","message":"Identity service is running on port http://localhost:3001","service":"api-gateway","timestamp":"2026-02-26T17:29:15.062Z"}
{"level":"info","message":"Post service is running on port http://localhost:3002","service":"api-gateway","timestamp":"2026-02-26T17:29:15.062Z"}
{"level":"info","message":"Redis Url https://pro-tuna-36129.upstash.io","service":"api-gateway","timestamp":"2026-02-26T17:29:15.062Z"}
{"level":"info","message":"Received POST request to /v1/posts/create-post","service":"api-gateway","timestamp":"2026-02-26T17:29:19.161Z"}
{"level":"info","message":"Received body, [object Object]","service":"api-gateway","timestamp":"2026-02-26T17:29:19.161Z"}
{"level":"error","message":"Proxy error: undefined is not an object (evaluating 'proxyReqOpts.headers[\"Content-Type\"] = \"application/json\"')","service":"api-gateway","timestamp":"2026-02-26T17:29:19.163Z"}
{"level":"info","message":"Api Gateway is running on port: 3000","service":"api-gateway","timestamp":"2026-02-26T17:40:22.233Z"}
{"level":"info","message":"Identity service is running on port http://localhost:3001","service":"api-gateway","timestamp":"2026-02-26T17:40:22.234Z"}
{"level":"info","message":"Post service is running on port http://localhost:3002","service":"api-gateway","timestamp":"2026-02-26T17:40:22.234Z"}
{"level":"info","message":"Redis Url https://pro-tuna-36129.upstash.io","service":"api-gateway","timestamp":"2026-02-26T17:40:22.234Z"}
{"level":"info","message":"Received POST request to /v1/posts/create-post","service":"api-gateway","timestamp":"2026-02-26T17:40:45.826Z"}
{"level":"info","message":"Received body, [object Object]","service":"api-gateway","timestamp":"2026-02-26T17:40:45.826Z"}
{"level":"warn","message":"Invalid token!","service":"api-gateway","timestamp":"2026-02-26T17:40:45.826Z"}
{"level":"info","message":"Api Gateway is running on port: 3000","service":"api-gateway","timestamp":"2026-02-26T17:42:40.366Z"}
{"level":"info","message":"Identity service is running on port http://localhost:3001","service":"api-gateway","timestamp":"2026-02-26T17:42:40.367Z"}
{"level":"info","message":"Post service is running on port http://localhost:3002","service":"api-gateway","timestamp":"2026-02-26T17:42:40.367Z"}
{"level":"info","message":"Redis Url https://pro-tuna-36129.upstash.io","service":"api-gateway","timestamp":"2026-02-26T17:42:40.367Z"}
{"level":"info","message":"Received POST request to /v1/posts/create-post","service":"api-gateway","timestamp":"2026-02-26T17:42:48.331Z"}
{"level":"info","message":"Received body, [object Object]","service":"api-gateway","timestamp":"2026-02-26T17:42:48.331Z"}
{"level":"warn","message":"Invalid token!","service":"api-gateway","timestamp":"2026-02-26T17:42:48.332Z"}
{"level":"info","message":"Api Gateway is running on port: 3000","service":"api-gateway","timestamp":"2026-02-26T17:43:08.347Z"}
{"level":"info","message":"Identity service is running on port http://localhost:3001","service":"api-gateway","timestamp":"2026-02-26T17:43:08.349Z"}
{"level":"info","message":"Post service is running on port http://localhost:3002","service":"api-gateway","timestamp":"2026-02-26T17:43:08.349Z"}
{"level":"info","message":"Redis Url https://pro-tuna-36129.upstash.io","service":"api-gateway","timestamp":"2026-02-26T17:43:08.349Z"}
{"level":"info","message":"Received POST request to /v1/posts/create-post","service":"api-gateway","timestamp":"2026-02-26T17:43:11.182Z"}
{"level":"info","message":"Received body, [object Object]","service":"api-gateway","timestamp":"2026-02-26T17:43:11.182Z"}
{"level":"warn","message":"Invalid token!","service":"api-gateway","timestamp":"2026-02-26T17:43:11.183Z"}
{"level":"info","message":"Api Gateway is running on port: 3000","service":"api-gateway","timestamp":"2026-02-26T17:43:33.589Z"}
{"level":"info","message":"Identity service is running on port http://localhost:3001","service":"api-gateway","timestamp":"2026-02-26T17:43:33.590Z"}
{"level":"info","message":"Post service is running on port http://localhost:3002","service":"api-gateway","timestamp":"2026-02-26T17:43:33.591Z"}
{"level":"info","message":"Redis Url https://pro-tuna-36129.upstash.io","service":"api-gateway","timestamp":"2026-02-26T17:43:33.591Z"}
{"level":"info","message":"Received POST request to /v1/posts/create-post","service":"api-gateway","timestamp":"2026-02-26T17:43:37.461Z"}
{"level":"info","message":"Received body, [object Object]","service":"api-gateway","timestamp":"2026-02-26T17:43:37.461Z"}
{"level":"warn","message":"Invalid token!","service":"api-gateway","timestamp":"2026-02-26T17:43:37.461Z"}
{"level":"info","message":"Received POST request to /v1/posts/create-post","service":"api-gateway","timestamp":"2026-02-26T17:44:14.012Z"}
{"level":"info","message":"Received body, [object Object]","service":"api-gateway","timestamp":"2026-02-26T17:44:14.012Z"}
{"level":"info","message":"Response received from post service : 500","service":"api-gateway","timestamp":"2026-02-26T17:44:14.087Z"}
{"level":"info","message":"Received POST request to /v1/posts/create-post","service":"api-gateway","timestamp":"2026-02-26T17:47:12.449Z"}
{"level":"info","message":"Received body, [object Object]","service":"api-gateway","timestamp":"2026-02-26T17:47:12.449Z"}
{"level":"info","message":"Response received from post service : 201","service":"api-gateway","timestamp":"2026-02-26T17:47:12.931Z"}
{"level":"info","message":"Api Gateway is running on port: 3000","service":"api-gateway","timestamp":"2026-02-26T17:47:43.701Z"}
{"level":"info","message":"Identity service is running on port http://localhost:3001","service":"api-gateway","timestamp":"2026-02-26T17:47:43.702Z"}
{"level":"info","message":"Post service is running on port http://localhost:3002","service":"api-gateway","timestamp":"2026-02-26T17:47:43.702Z"}
{"level":"info","message":"Redis Url https://pro-tuna-36129.upstash.io","service":"api-gateway","timestamp":"2026-02-26T17:47:43.702Z"}
{"level":"info","message":"Received POST request to /v1/posts/create-post","service":"api-gateway","timestamp":"2026-02-26T17:53:25.018Z"}
{"level":"info","message":"Received body, [object Object]","service":"api-gateway","timestamp":"2026-02-26T17:53:25.019Z"}
{"level":"info","message":"Response received from post service : 400","service":"api-gateway","timestamp":"2026-02-26T17:53:25.083Z"}
{"level":"info","message":"Received POST request to /v1/posts/create-post","service":"api-gateway","timestamp":"2026-02-26T17:54:12.626Z"}
{"level":"info","message":"Received body, [object Object]","service":"api-gateway","timestamp":"2026-02-26T17:54:12.626Z"}
{"level":"info","message":"Response received from post service : 400","service":"api-gateway","timestamp":"2026-02-26T17:54:12.678Z"}
{"level":"info","message":"Received POST request to /v1/posts/create-post","service":"api-gateway","timestamp":"2026-02-26T17:54:17.295Z"}
{"level":"info","message":"Received body, [object Object]","service":"api-gateway","timestamp":"2026-02-26T17:54:17.295Z"}
{"level":"info","message":"Response received from post service : 400","service":"api-gateway","timestamp":"2026-02-26T17:54:17.337Z"}
{"level":"info","message":"Received POST request to /v1/posts/create-post","service":"api-gateway","timestamp":"2026-02-26T17:54:45.513Z"}
{"level":"info","message":"Received body, [object Object]","service":"api-gateway","timestamp":"2026-02-26T17:54:45.513Z"}
{"level":"info","message":"Response received from post service : 201","service":"api-gateway","timestamp":"2026-02-26T17:54:45.598Z"}
