{"level":"info","message":"Identity service running on port 3002","service":"post-service","timestamp":"2026-02-24T20:01:11.055Z"}
{"level":"info","message":"Conntected to mongodb","service":"post-service","timestamp":"2026-02-24T20:01:11.545Z"}
{"level":"info","message":"Identity service running on port 3002","service":"post-service","timestamp":"2026-02-25T18:10:39.135Z"}
{"level":"info","message":"Conntected to mongodb","service":"post-service","timestamp":"2026-02-25T18:10:39.567Z"}
{"level":"info","message":"Received POST request to /api/posts/create-post","service":"post-service","timestamp":"2026-02-26T17:44:14.036Z"}
{"level":"info","message":"Received body, [object Object]","service":"post-service","timestamp":"2026-02-26T17:44:14.037Z"}
{"_message":"Post validation failed","errors":{"content":{"kind":"required","message":"Path `content` is required.","name":"ValidatorError","path":"content","properties":{"message":"Path `content` is required.","path":"content","type":"required"}}},"level":"error","message":"Error creating post Post validation failed: content: Path `content` is required.","service":"post-service","stack":"ValidationError: Post validation failed: content: Path `content` is required.\n    at <anonymous> (/Users/tusharmaithani/console/nodejs-tutorial/post-service/node_modules/mongoose/lib/document.js:3420:36)\n    at validatePath (/Users/tusharmaithani/console/nodejs-tutorial/post-service/node_modules/mongoose/lib/document.js:3192:13)\n    at async $__validate (/Users/tusharmaithani/console/nodejs-tutorial/post-service/node_modules/mongoose/lib/document.js:3133:17)\n    at async validate (/Users/tusharmaithani/console/nodejs-tutorial/post-service/node_modules/mongoose/lib/document.js:2702:16)\n    at processTicksAndRejections (native:7:39)","timestamp":"2026-02-26T17:44:14.085Z"}
{"level":"info","message":"Received POST request to /api/posts/create-post","service":"post-service","timestamp":"2026-02-26T17:47:12.451Z"}
{"level":"info","message":"Received body, [object Object]","service":"post-service","timestamp":"2026-02-26T17:47:12.451Z"}
{"$__":{"$versionError":null,"activePaths":{"paths":{"content":"require","user":"require"},"states":{"default":{},"modify":{},"require":{"content":true,"user":true}}},"backup":{"activePaths":{"default":{"_id":true},"modify":{"content":true,"createdAt":true,"mediaIds":true,"updatedAt":true,"user":true}},"validationError":null},"cachedRequired":{},"inserting":true,"op":null,"pathsToScopes":{"mediaIds":{"__v":0,"_id":"69a08720fb2b43294c981611","content":"This is content for post","createdAt":"2026-02-26T17:47:12.489Z","mediaIds":["3","5","6"],"updatedAt":"2026-02-26T17:47:12.489Z","user":"699ca19055c732b18c6062ee"}},"saveOptions":null,"savedState":{},"saving":null,"validating":null},"$isNew":false,"_doc":{"__v":0,"_id":"69a08720fb2b43294c981611","content":"This is content for post","createdAt":"2026-02-26T17:47:12.489Z","mediaIds":["3","5","6"],"updatedAt":"2026-02-26T17:47:12.489Z","user":"699ca19055c732b18c6062ee"},"level":"info","message":"Post created successfully","service":"post-service","timestamp":"2026-02-26T17:47:12.926Z"}
{"level":"info","message":"Identity service running on port 3002","service":"post-service","timestamp":"2026-02-26T17:53:11.260Z"}
{"level":"info","message":"Conntected to mongodb","service":"post-service","timestamp":"2026-02-26T17:53:11.706Z"}
{"level":"info","message":"Received POST request to /api/posts/create-post","service":"post-service","timestamp":"2026-02-26T17:53:25.038Z"}
{"level":"info","message":"Received body, [object Object]","service":"post-service","timestamp":"2026-02-26T17:53:25.038Z"}
{"level":"info","message":"Create post endpoint hit","service":"post-service","timestamp":"2026-02-26T17:53:25.079Z"}
{"0":"\"","1":"c","10":"c","11":"u","12":"r","13":"i","14":"t","15":"y","16":"P","17":"o","18":"l","19":"i","2":"o","20":"c","21":"y","22":"\"","23":" ","24":"i","25":"s","26":" ","27":"r","28":"e","29":"q","3":"n","30":"u","31":"i","32":"r","33":"e","34":"d","4":"t","5":"e","6":"n","7":"t","8":"S","9":"e","level":"warn","message":"Validation error","service":"post-service","timestamp":"2026-02-26T17:53:25.081Z"}
{"level":"info","message":"Identity service running on port 3002","service":"post-service","timestamp":"2026-02-26T17:54:09.669Z"}
{"level":"info","message":"Conntected to mongodb","service":"post-service","timestamp":"2026-02-26T17:54:10.150Z"}
{"level":"info","message":"Received POST request to /api/posts/create-post","service":"post-service","timestamp":"2026-02-26T17:54:12.637Z"}
{"level":"info","message":"Received body, [object Object]","service":"post-service","timestamp":"2026-02-26T17:54:12.637Z"}
{"level":"info","message":"Create post endpoint hit","service":"post-service","timestamp":"2026-02-26T17:54:12.674Z"}
{"0":"\"","1":"c","10":"i","11":"s","12":" ","13":"r","14":"e","15":"q","16":"u","17":"i","18":"r","19":"e","2":"o","20":"d","3":"n","4":"t","5":"e","6":"n","7":"t","8":"\"","9":" ","level":"warn","message":"Validation error","service":"post-service","timestamp":"2026-02-26T17:54:12.677Z"}
{"level":"info","message":"Received POST request to /api/posts/create-post","service":"post-service","timestamp":"2026-02-26T17:54:17.297Z"}
{"level":"info","message":"Received body, [object Object]","service":"post-service","timestamp":"2026-02-26T17:54:17.297Z"}
{"level":"info","message":"Create post endpoint hit","service":"post-service","timestamp":"2026-02-26T17:54:17.336Z"}
{"0":"\"","1":"c","10":"i","11":"s","12":" ","13":"r","14":"e","15":"q","16":"u","17":"i","18":"r","19":"e","2":"o","20":"d","3":"n","4":"t","5":"e","6":"n","7":"t","8":"\"","9":" ","level":"warn","message":"Validation error","service":"post-service","timestamp":"2026-02-26T17:54:17.336Z"}
{"level":"info","message":"Received POST request to /api/posts/create-post","service":"post-service","timestamp":"2026-02-26T17:54:45.515Z"}
{"level":"info","message":"Received body, [object Object]","service":"post-service","timestamp":"2026-02-26T17:54:45.515Z"}
{"level":"info","message":"Create post endpoint hit","service":"post-service","timestamp":"2026-02-26T17:54:45.552Z"}
{"$__":{"$versionError":null,"activePaths":{"paths":{"content":"require","user":"require"},"states":{"default":{},"modify":{},"require":{"content":true,"user":true}}},"backup":{"activePaths":{"default":{"_id":true},"modify":{"content":true,"createdAt":true,"mediaIds":true,"updatedAt":true,"user":true}},"validationError":null},"cachedRequired":{},"inserting":true,"op":null,"pathsToScopes":{"mediaIds":{"__v":0,"_id":"69a088e59f08fdad3e1c2315","content":"new post created","createdAt":"2026-02-26T17:54:45.558Z","mediaIds":[],"updatedAt":"2026-02-26T17:54:45.558Z","user":"699ca19055c732b18c6062ee"}},"saveOptions":null,"savedState":{},"saving":null,"validating":null},"$isNew":false,"_doc":{"__v":0,"_id":"69a088e59f08fdad3e1c2315","content":"new post created","createdAt":"2026-02-26T17:54:45.558Z","mediaIds":[],"updatedAt":"2026-02-26T17:54:45.558Z","user":"699ca19055c732b18c6062ee"},"level":"info","message":"Post created successfully","service":"post-service","timestamp":"2026-02-26T17:54:45.597Z"}
