{"level":"info","message":"Identity service running on PORT: 3001","service":"indetity-service","timestamp":"2026-02-23T17:48:32.491Z"}
{"0":"r","1":"e","2":"a","3":"s","4":"o","5":"n","6":":","7":" ","level":"error","message":"Unhandled Rejection at","service":"indetity-service","timestamp":"2026-02-23T17:48:32.860Z"}
{"0":"r","1":"e","2":"a","3":"s","4":"o","5":"n","6":":","7":" ","level":"error","message":"Unhandled Rejection at","service":"indetity-service","timestamp":"2026-02-23T17:48:32.860Z"}
{"cause":{"commonWireVersion":0,"compatible":true,"heartbeatFrequencyMS":10000,"localThresholdMS":15,"logicalSessionTimeoutMinutes":null,"maxElectionId":null,"maxSetVersion":null,"servers":{"ac-c5m2y3n-shard-00-00.lmhzf5h.mongodb.net:27017":{"$clusterTime":null,"address":"ac-c5m2y3n-shard-00-00.lmhzf5h.mongodb.net:27017","arbiters":[],"electionId":null,"error":{"beforeHandshake":false,"errorLabelSet":{}},"hosts":[],"iscryptd":false,"lastUpdateTime":30146,"lastWriteDate":0,"logicalSessionTimeoutMinutes":null,"maxBsonObjectSize":null,"maxMessageSizeBytes":null,"maxWireVersion":0,"maxWriteBatchSize":null,"me":null,"minRoundTripTime":0,"minWireVersion":0,"passives":[],"primary":null,"roundTripTime":-1,"setName":null,"setVersion":null,"tags":{},"topologyVersion":null,"type":"Unknown"},"ac-c5m2y3n-shard-00-01.lmhzf5h.mongodb.net:27017":{"$clusterTime":null,"address":"ac-c5m2y3n-shard-00-01.lmhzf5h.mongodb.net:27017","arbiters":[],"electionId":null,"error":{"beforeHandshake":false,"errorLabelSet":{}},"hosts":[],"iscryptd":false,"lastUpdateTime":30163,"lastWriteDate":0,"logicalSessionTimeoutMinutes":null,"maxBsonObjectSize":null,"maxMessageSizeBytes":null,"maxWireVersion":0,"maxWriteBatchSize":null,"me":null,"minRoundTripTime":0,"minWireVersion":0,"passives":[],"primary":null,"roundTripTime":-1,"setName":null,"setVersion":null,"tags":{},"topologyVersion":null,"type":"Unknown"},"ac-c5m2y3n-shard-00-02.lmhzf5h.mongodb.net:27017":{"$clusterTime":null,"address":"ac-c5m2y3n-shard-00-02.lmhzf5h.mongodb.net:27017","arbiters":[],"electionId":null,"error":{"beforeHandshake":false,"errorLabelSet":{}},"hosts":[],"iscryptd":false,"lastUpdateTime":30157,"lastWriteDate":0,"logicalSessionTimeoutMinutes":null,"maxBsonObjectSize":null,"maxMessageSizeBytes":null,"maxWireVersion":0,"maxWriteBatchSize":null,"me":null,"minRoundTripTime":0,"minWireVersion":0,"passives":[],"primary":null,"roundTripTime":-1,"setName":null,"setVersion":null,"tags":{},"topologyVersion":null,"type":"Unknown"}},"setName":"atlas-8whqtz-shard-0","stale":false,"type":"ReplicaSetNoPrimary"},"errorLabelSet":{},"level":"info","message":"Could not connect to any servers in your MongoDB Atlas cluster. One common reason is that you're trying to access the database from an IP that isn't whitelisted. Make sure your current IP address is on your Atlas cluster's IP whitelist: https://www.mongodb.com/docs/atlas/security-whitelist/","reason":{"commonWireVersion":0,"compatible":true,"heartbeatFrequencyMS":10000,"localThresholdMS":15,"logicalSessionTimeoutMinutes":null,"maxElectionId":null,"maxSetVersion":null,"servers":{"ac-c5m2y3n-shard-00-00.lmhzf5h.mongodb.net:27017":{"$clusterTime":null,"address":"ac-c5m2y3n-shard-00-00.lmhzf5h.mongodb.net:27017","arbiters":[],"electionId":null,"error":{"beforeHandshake":false,"errorLabelSet":{}},"hosts":[],"iscryptd":false,"lastUpdateTime":30146,"lastWriteDate":0,"logicalSessionTimeoutMinutes":null,"maxBsonObjectSize":null,"maxMessageSizeBytes":null,"maxWireVersion":0,"maxWriteBatchSize":null,"me":null,"minRoundTripTime":0,"minWireVersion":0,"passives":[],"primary":null,"roundTripTime":-1,"setName":null,"setVersion":null,"tags":{},"topologyVersion":null,"type":"Unknown"},"ac-c5m2y3n-shard-00-01.lmhzf5h.mongodb.net:27017":{"$clusterTime":null,"address":"ac-c5m2y3n-shard-00-01.lmhzf5h.mongodb.net:27017","arbiters":[],"electionId":null,"error":{"beforeHandshake":false,"errorLabelSet":{}},"hosts":[],"iscryptd":false,"lastUpdateTime":30163,"lastWriteDate":0,"logicalSessionTimeoutMinutes":null,"maxBsonObjectSize":null,"maxMessageSizeBytes":null,"maxWireVersion":0,"maxWriteBatchSize":null,"me":null,"minRoundTripTime":0,"minWireVersion":0,"passives":[],"primary":null,"roundTripTime":-1,"setName":null,"setVersion":null,"tags":{},"topologyVersion":null,"type":"Unknown"},"ac-c5m2y3n-shard-00-02.lmhzf5h.mongodb.net:27017":{"$clusterTime":null,"address":"ac-c5m2y3n-shard-00-02.lmhzf5h.mongodb.net:27017","arbiters":[],"electionId":null,"error":{"beforeHandshake":false,"errorLabelSet":{}},"hosts":[],"iscryptd":false,"lastUpdateTime":30157,"lastWriteDate":0,"logicalSessionTimeoutMinutes":null,"maxBsonObjectSize":null,"maxMessageSizeBytes":null,"maxWireVersion":0,"maxWriteBatchSize":null,"me":null,"minRoundTripTime":0,"minWireVersion":0,"passives":[],"primary":null,"roundTripTime":-1,"setName":null,"setVersion":null,"tags":{},"topologyVersion":null,"type":"Unknown"}},"setName":"atlas-8whqtz-shard-0","stale":false,"type":"ReplicaSetNoPrimary"},"service":"indetity-service","stack":"MongooseServerSelectionError: Could not connect to any servers in your MongoDB Atlas cluster. One common reason is that you're trying to access the database from an IP that isn't whitelisted. Make sure your current IP address is on your Atlas cluster's IP whitelist: https://www.mongodb.com/docs/atlas/security-whitelist/\n    at _handleConnectionErrors (/Users/tusharmaithani/console/nodejs-tutorial/identity-service/node_modules/mongoose/lib/connection.js:1169:11)\n    at openUri (/Users/tusharmaithani/console/nodejs-tutorial/identity-service/node_modules/mongoose/lib/connection.js:1100:11)\n    at processTicksAndRejections (native:7:39)","timestamp":"2026-02-23T17:49:02.557Z"}
{"level":"info","message":"Identity service running on PORT: 3001","service":"indetity-service","timestamp":"2026-02-23T17:52:39.576Z"}
{"0":"r","1":"e","2":"a","3":"s","4":"o","5":"n","6":":","7":" ","level":"error","message":"Unhandled Rejection at","service":"indetity-service","timestamp":"2026-02-23T17:52:39.822Z"}
{"0":"r","1":"e","2":"a","3":"s","4":"o","5":"n","6":":","7":" ","level":"error","message":"Unhandled Rejection at","service":"indetity-service","timestamp":"2026-02-23T17:52:39.822Z"}
{"level":"info","message":"Connected to mongodb","service":"indetity-service","timestamp":"2026-02-23T17:52:40.235Z"}
{"level":"error","message":"SyntaxError: JSON Parse error: Expected ':' before value in object property definition\n    at <parse> (:0)\n    at parse (unknown)\n    at parse (/Users/tusharmaithani/console/nodejs-tutorial/identity-service/node_modules/body-parser/lib/types/json.js:72:19)\n    at <anonymous> (/Users/tusharmaithani/console/nodejs-tutorial/identity-service/node_modules/body-parser/lib/read.js:162:18)\n    at runInAsyncScope (node:async_hooks:137:23)\n    at invokeCallback (/Users/tusharmaithani/console/nodejs-tutorial/identity-service/node_modules/raw-body/index.js:238:16)\n    at done (/Users/tusharmaithani/console/nodejs-tutorial/identity-service/node_modules/raw-body/index.js:227:7)\n    at onEnd (/Users/tusharmaithani/console/nodejs-tutorial/identity-service/node_modules/raw-body/index.js:287:7)\n    at emit (node:events:92:22)\n    at endReadableNT (internal:streams/readable:861:50)\n    at processTicksAndRejections (native:7:39)","service":"indetity-service","timestamp":"2026-02-23T18:25:45.039Z"}
{"level":"error","message":"SyntaxError: JSON Parse error: Expected ':' before value in object property definition\n    at <parse> (:0)\n    at parse (unknown)\n    at parse (/Users/tusharmaithani/console/nodejs-tutorial/identity-service/node_modules/body-parser/lib/types/json.js:72:19)\n    at <anonymous> (/Users/tusharmaithani/console/nodejs-tutorial/identity-service/node_modules/body-parser/lib/read.js:162:18)\n    at runInAsyncScope (node:async_hooks:137:23)\n    at invokeCallback (/Users/tusharmaithani/console/nodejs-tutorial/identity-service/node_modules/raw-body/index.js:238:16)\n    at done (/Users/tusharmaithani/console/nodejs-tutorial/identity-service/node_modules/raw-body/index.js:227:7)\n    at onEnd (/Users/tusharmaithani/console/nodejs-tutorial/identity-service/node_modules/raw-body/index.js:287:7)\n    at emit (node:events:92:22)\n    at endReadableNT (internal:streams/readable:861:50)\n    at processTicksAndRejections (native:7:39)","service":"indetity-service","timestamp":"2026-02-23T18:25:55.651Z"}
{"level":"error","message":"SyntaxError: JSON Parse error: Expected ':' before value in object property definition\n    at <parse> (:0)\n    at parse (unknown)\n    at parse (/Users/tusharmaithani/console/nodejs-tutorial/identity-service/node_modules/body-parser/lib/types/json.js:72:19)\n    at <anonymous> (/Users/tusharmaithani/console/nodejs-tutorial/identity-service/node_modules/body-parser/lib/read.js:162:18)\n    at runInAsyncScope (node:async_hooks:137:23)\n    at invokeCallback (/Users/tusharmaithani/console/nodejs-tutorial/identity-service/node_modules/raw-body/index.js:238:16)\n    at done (/Users/tusharmaithani/console/nodejs-tutorial/identity-service/node_modules/raw-body/index.js:227:7)\n    at onEnd (/Users/tusharmaithani/console/nodejs-tutorial/identity-service/node_modules/raw-body/index.js:287:7)\n    at emit (node:events:92:22)\n    at endReadableNT (internal:streams/readable:861:50)\n    at processTicksAndRejections (native:7:39)","service":"indetity-service","timestamp":"2026-02-23T18:31:51.649Z"}
{"level":"info","message":"Received POST request to /api/auth/register","service":"indetity-service","timestamp":"2026-02-23T18:34:18.653Z"}
{"level":"info","message":"Received body, [object Object]","service":"indetity-service","timestamp":"2026-02-23T18:34:18.654Z"}
{"level":"error","message":"TypeError: unexpected reply from redis client\n    at loadIncrementScript (/Users/tusharmaithani/console/nodejs-tutorial/identity-service/node_modules/rate-limit-redis/dist/index.mjs:104:17)\n    at async <anonymous> (/Users/tusharmaithani/console/nodejs-tutorial/identity-service/node_modules/rate-limit-redis/dist/index.mjs:132:15)\n    at processTicksAndRejections (native:7:39)","service":"indetity-service","timestamp":"2026-02-23T18:34:18.739Z"}
{"level":"info","message":"Received POST request to /api/auth/register","service":"indetity-service","timestamp":"2026-02-23T18:35:42.335Z"}
{"level":"info","message":"Received body, undefined","service":"indetity-service","timestamp":"2026-02-23T18:35:42.335Z"}
{"level":"error","message":"TypeError: unexpected reply from redis client\n    at loadIncrementScript (/Users/tusharmaithani/console/nodejs-tutorial/identity-service/node_modules/rate-limit-redis/dist/index.mjs:104:17)\n    at async <anonymous> (/Users/tusharmaithani/console/nodejs-tutorial/identity-service/node_modules/rate-limit-redis/dist/index.mjs:132:15)\n    at processTicksAndRejections (native:7:39)","service":"indetity-service","timestamp":"2026-02-23T18:35:42.415Z"}
{"level":"info","message":"Received POST request to /api/auth/register","service":"indetity-service","timestamp":"2026-02-23T18:36:40.801Z"}
{"level":"info","message":"Received body, [object Object]","service":"indetity-service","timestamp":"2026-02-23T18:36:40.801Z"}
{"level":"error","message":"TypeError: unexpected reply from redis client\n    at loadIncrementScript (/Users/tusharmaithani/console/nodejs-tutorial/identity-service/node_modules/rate-limit-redis/dist/index.mjs:104:17)\n    at async <anonymous> (/Users/tusharmaithani/console/nodejs-tutorial/identity-service/node_modules/rate-limit-redis/dist/index.mjs:132:15)\n    at processTicksAndRejections (native:7:39)","service":"indetity-service","timestamp":"2026-02-23T18:36:40.878Z"}
{"level":"info","message":"Identity service running on PORT: 3001","service":"indetity-service","timestamp":"2026-02-23T18:36:59.075Z"}
{"0":"r","1":"e","2":"a","3":"s","4":"o","5":"n","6":":","7":" ","level":"error","message":"Unhandled Rejection at","service":"indetity-service","timestamp":"2026-02-23T18:36:59.462Z"}
{"0":"r","1":"e","2":"a","3":"s","4":"o","5":"n","6":":","7":" ","level":"error","message":"Unhandled Rejection at","service":"indetity-service","timestamp":"2026-02-23T18:36:59.462Z"}
{"level":"info","message":"Connected to mongodb","service":"indetity-service","timestamp":"2026-02-23T18:37:00.082Z"}
{"level":"info","message":"Received POST request to /api/auth/register","service":"indetity-service","timestamp":"2026-02-23T18:37:05.292Z"}
{"level":"info","message":"Received body, [object Object]","service":"indetity-service","timestamp":"2026-02-23T18:37:05.293Z"}
{"level":"error","message":"TypeError: unexpected reply from redis client\n    at loadIncrementScript (/Users/tusharmaithani/console/nodejs-tutorial/identity-service/node_modules/rate-limit-redis/dist/index.mjs:104:17)\n    at async <anonymous> (/Users/tusharmaithani/console/nodejs-tutorial/identity-service/node_modules/rate-limit-redis/dist/index.mjs:132:15)\n    at processTicksAndRejections (native:7:39)","service":"indetity-service","timestamp":"2026-02-23T18:37:05.371Z"}
{"level":"info","message":"Identity service running on PORT: 3001","service":"indetity-service","timestamp":"2026-02-23T18:50:50.391Z"}
{"level":"info","message":"Connected to mongodb","service":"indetity-service","timestamp":"2026-02-23T18:50:50.923Z"}
{"level":"info","message":"Received POST request to /api/auth/register","service":"indetity-service","timestamp":"2026-02-23T18:50:56.307Z"}
{"level":"info","message":"Received body, [object Object]","service":"indetity-service","timestamp":"2026-02-23T18:50:56.307Z"}
{"level":"info","message":"Registration endpoint hit","service":"indetity-service","timestamp":"2026-02-23T18:50:56.411Z"}
{"buffer":{"data":[105,156,161,144,85,199,50,177,140,96,98,238],"type":"Buffer"},"level":"warn","message":"User saved successfully","service":"indetity-service","timestamp":"2026-02-23T18:50:56.544Z"}
{"level":"info","message":"Identity service running on PORT: 3001","service":"indetity-service","timestamp":"2026-02-23T18:53:17.158Z"}
{"level":"info","message":"Connected to mongodb","service":"indetity-service","timestamp":"2026-02-23T18:53:17.883Z"}
{"level":"info","message":"Received POST request to /api/auth/register","service":"indetity-service","timestamp":"2026-02-23T18:53:21.391Z"}
{"level":"info","message":"Received body, [object Object]","service":"indetity-service","timestamp":"2026-02-23T18:53:21.391Z"}
{"level":"info","message":"Registration endpoint hit","service":"indetity-service","timestamp":"2026-02-23T18:53:21.480Z"}
{"level":"warn","message":"User already exists","service":"indetity-service","timestamp":"2026-02-23T18:53:21.528Z"}
{"level":"info","message":"Received POST request to /api/auth/register","service":"indetity-service","timestamp":"2026-02-23T18:53:35.931Z"}
{"level":"info","message":"Received body, [object Object]","service":"indetity-service","timestamp":"2026-02-23T18:53:35.932Z"}
{"level":"info","message":"Registration endpoint hit","service":"indetity-service","timestamp":"2026-02-23T18:53:36.016Z"}
{"level":"info","message":"Identity service running on PORT: 3001","service":"indetity-service","timestamp":"2026-02-23T18:53:59.922Z"}
{"level":"info","message":"Connected to mongodb","service":"indetity-service","timestamp":"2026-02-23T18:54:00.325Z"}
{"level":"info","message":"Received POST request to /api/auth/register","service":"indetity-service","timestamp":"2026-02-23T18:54:09.934Z"}
{"level":"info","message":"Received body, [object Object]","service":"indetity-service","timestamp":"2026-02-23T18:54:09.934Z"}
{"level":"info","message":"Registration endpoint hit","service":"indetity-service","timestamp":"2026-02-23T18:54:10.011Z"}
{"0":"6","1":"9","10":"2","11":"6","12":"4","13":"a","14":"1","15":"b","16":"5","17":"5","18":"1","19":"e","2":"9","20":"2","21":"a","22":"0","23":"c","3":"c","4":"a","5":"2","6":"5","7":"2","8":"f","9":"d","level":"info","message":"User saved successfully","service":"indetity-service","timestamp":"2026-02-23T18:54:10.140Z"}
{"level":"info","message":"Identity service running on PORT: 3001","service":"indetity-service","timestamp":"2026-02-23T19:05:35.350Z"}
{"level":"info","message":"Connected to mongodb","service":"indetity-service","timestamp":"2026-02-23T19:05:35.811Z"}
{"level":"info","message":"Received POST request to /api/auth/register","service":"indetity-service","timestamp":"2026-02-23T19:45:46.364Z"}
{"level":"info","message":"Received body, [object Object]","service":"indetity-service","timestamp":"2026-02-23T19:45:46.364Z"}
{"level":"info","message":"Registration endpoint hit","service":"indetity-service","timestamp":"2026-02-23T19:45:46.445Z"}
{"0":"6","1":"9","10":"2","11":"e","12":"1","13":"4","14":"0","15":"b","16":"f","17":"8","18":"b","19":"4","2":"9","20":"0","21":"b","22":"b","23":"5","3":"c","4":"a","5":"e","6":"6","7":"a","8":"e","9":"e","level":"info","message":"User saved successfully","service":"indetity-service","timestamp":"2026-02-23T19:45:46.594Z"}
{"level":"info","message":"Received POST request to /api/auth/register","service":"indetity-service","timestamp":"2026-02-23T19:46:48.212Z"}
{"level":"info","message":"Received body, [object Object]","service":"indetity-service","timestamp":"2026-02-23T19:46:48.212Z"}
{"level":"info","message":"Registration endpoint hit","service":"indetity-service","timestamp":"2026-02-23T19:46:48.286Z"}
{"level":"warn","message":"User already exists","service":"indetity-service","timestamp":"2026-02-23T19:46:48.329Z"}
{"level":"info","message":"Received POST request to /api/auth/register","service":"indetity-service","timestamp":"2026-02-23T19:47:27.366Z"}
{"level":"info","message":"Received body, [object Object]","service":"indetity-service","timestamp":"2026-02-23T19:47:27.367Z"}
{"level":"info","message":"Registration endpoint hit","service":"indetity-service","timestamp":"2026-02-23T19:47:27.439Z"}
{"level":"warn","message":"User already exists","service":"indetity-service","timestamp":"2026-02-23T19:47:27.482Z"}
{"level":"info","message":"Received POST request to /api/auth/register","service":"indetity-service","timestamp":"2026-02-23T19:47:35.004Z"}
{"level":"info","message":"Received body, [object Object]","service":"indetity-service","timestamp":"2026-02-23T19:47:35.004Z"}
{"level":"info","message":"Registration endpoint hit","service":"indetity-service","timestamp":"2026-02-23T19:47:35.076Z"}
{"level":"warn","message":"User already exists","service":"indetity-service","timestamp":"2026-02-23T19:47:35.115Z"}
{"level":"info","message":"Received POST request to /api/auth/register","service":"indetity-service","timestamp":"2026-02-23T19:47:42.855Z"}
{"level":"info","message":"Received body, [object Object]","service":"indetity-service","timestamp":"2026-02-23T19:47:42.856Z"}
{"level":"info","message":"Registration endpoint hit","service":"indetity-service","timestamp":"2026-02-23T19:47:42.928Z"}
{"level":"warn","message":"User already exists","service":"indetity-service","timestamp":"2026-02-23T19:47:42.972Z"}
{"level":"info","message":"Identity service running on PORT: 3001","service":"indetity-service","timestamp":"2026-02-23T19:51:01.301Z"}
{"level":"info","message":"Connected to mongodb","service":"indetity-service","timestamp":"2026-02-23T19:51:01.720Z"}
{"level":"info","message":"Identity service running on PORT: 3001","service":"indetity-service","timestamp":"2026-02-23T19:51:42.664Z"}
{"level":"info","message":"Connected to mongodb","service":"indetity-service","timestamp":"2026-02-23T19:51:43.250Z"}
{"level":"info","message":"Identity service running on PORT: 3001","service":"indetity-service","timestamp":"2026-02-23T19:56:29.362Z"}
{"level":"info","message":"Connected to mongodb","service":"indetity-service","timestamp":"2026-02-23T19:56:29.838Z"}
{"level":"info","message":"Identity service running on PORT: 3001","service":"indetity-service","timestamp":"2026-02-23T19:56:47.314Z"}
{"level":"info","message":"Connected to mongodb","service":"indetity-service","timestamp":"2026-02-23T19:56:47.707Z"}
{"level":"info","message":"Identity service running on PORT: 3001","service":"indetity-service","timestamp":"2026-02-23T19:56:48.870Z"}
{"level":"info","message":"Connected to mongodb","service":"indetity-service","timestamp":"2026-02-23T19:56:49.282Z"}
{"level":"info","message":"Identity service running on PORT: 3001","service":"indetity-service","timestamp":"2026-02-23T19:56:52.818Z"}
{"level":"info","message":"Connected to mongodb","service":"indetity-service","timestamp":"2026-02-23T19:56:53.246Z"}
{"level":"info","message":"Identity service running on PORT: 3001","service":"indetity-service","timestamp":"2026-02-23T19:58:26.961Z"}
{"level":"info","message":"Connected to mongodb","service":"indetity-service","timestamp":"2026-02-23T19:58:27.425Z"}
{"level":"info","message":"Identity service running on PORT: 3001","service":"indetity-service","timestamp":"2026-02-23T19:59:28.536Z"}
{"level":"info","message":"Connected to mongodb","service":"indetity-service","timestamp":"2026-02-23T19:59:28.964Z"}
{"level":"info","message":"Identity service running on PORT: 3001","service":"indetity-service","timestamp":"2026-02-23T19:59:49.557Z"}
{"level":"info","message":"Connected to mongodb","service":"indetity-service","timestamp":"2026-02-23T19:59:49.970Z"}
{"level":"info","message":"Received POST request to /api/auth/login","service":"indetity-service","timestamp":"2026-02-23T20:01:23.698Z"}
{"level":"info","message":"Received body, [object Object]","service":"indetity-service","timestamp":"2026-02-23T20:01:23.698Z"}
{"level":"info","message":"Login endpoint hit...","service":"indetity-service","timestamp":"2026-02-23T20:01:23.739Z"}
{"level":"info","message":"Identity service running on PORT: 3001","service":"indetity-service","timestamp":"2026-02-23T20:13:16.536Z"}
{"level":"info","message":"Connected to mongodb","service":"indetity-service","timestamp":"2026-02-23T20:13:17.064Z"}
{"level":"info","message":"Identity service running on PORT: 3001","service":"indetity-service","timestamp":"2026-02-23T20:14:15.524Z"}
{"level":"info","message":"Connected to mongodb","service":"indetity-service","timestamp":"2026-02-23T20:14:15.897Z"}
{"level":"info","message":"Identity service running on PORT: 3001","service":"indetity-service","timestamp":"2026-02-23T20:14:31.309Z"}
{"level":"info","message":"Connected to mongodb","service":"indetity-service","timestamp":"2026-02-23T20:14:31.674Z"}
{"level":"info","message":"Identity service running on PORT: 3001","service":"indetity-service","timestamp":"2026-02-23T20:17:06.636Z"}
{"level":"info","message":"Connected to mongodb","service":"indetity-service","timestamp":"2026-02-23T20:17:07.109Z"}
{"level":"info","message":"Identity service running on PORT: 3001","service":"indetity-service","timestamp":"2026-02-23T20:17:08.459Z"}
{"level":"info","message":"Connected to mongodb","service":"indetity-service","timestamp":"2026-02-23T20:17:08.922Z"}
{"level":"info","message":"Identity service running on PORT: 3001","service":"indetity-service","timestamp":"2026-02-23T20:17:18.568Z"}
{"level":"info","message":"Connected to mongodb","service":"indetity-service","timestamp":"2026-02-23T20:17:18.940Z"}
{"level":"info","message":"Identity service running on PORT: 3001","service":"indetity-service","timestamp":"2026-02-23T20:17:56.048Z"}
{"level":"info","message":"Connected to mongodb","service":"indetity-service","timestamp":"2026-02-23T20:17:56.479Z"}
{"level":"info","message":"Received POST request to /api/auth/register","service":"indetity-service","timestamp":"2026-02-23T20:19:29.294Z"}
{"level":"info","message":"Received body, [object Object]","service":"indetity-service","timestamp":"2026-02-23T20:19:29.294Z"}
{"level":"info","message":"Registration endpoint hit","service":"indetity-service","timestamp":"2026-02-23T20:19:29.359Z"}
{"0":"\"","1":"p","10":" ","11":"l","12":"e","13":"n","14":"g","15":"t","16":"h","17":" ","18":"m","19":"u","2":"a","20":"s","21":"t","22":" ","23":"b","24":"e","25":" ","26":"a","27":"t","28":" ","29":"l","3":"s","30":"e","31":"a","32":"s","33":"t","34":" ","35":"6","36":" ","37":"c","38":"h","39":"a","4":"s","40":"r","41":"a","42":"c","43":"t","44":"e","45":"r","46":"s","47":" ","48":"l","49":"o","5":"w","50":"n","51":"g","6":"o","7":"r","8":"d","9":"\"","level":"warn","message":"Validation error","service":"indetity-service","timestamp":"2026-02-23T20:19:29.362Z"}
{"level":"info","message":"Received POST request to /api/auth/register","service":"indetity-service","timestamp":"2026-02-23T20:19:37.301Z"}
{"level":"info","message":"Received body, [object Object]","service":"indetity-service","timestamp":"2026-02-23T20:19:37.301Z"}
{"level":"info","message":"Registration endpoint hit","service":"indetity-service","timestamp":"2026-02-23T20:19:37.379Z"}
{"0":"\"","1":"p","10":" ","11":"l","12":"e","13":"n","14":"g","15":"t","16":"h","17":" ","18":"m","19":"u","2":"a","20":"s","21":"t","22":" ","23":"b","24":"e","25":" ","26":"a","27":"t","28":" ","29":"l","3":"s","30":"e","31":"a","32":"s","33":"t","34":" ","35":"6","36":" ","37":"c","38":"h","39":"a","4":"s","40":"r","41":"a","42":"c","43":"t","44":"e","45":"r","46":"s","47":" ","48":"l","49":"o","5":"w","50":"n","51":"g","6":"o","7":"r","8":"d","9":"\"","level":"warn","message":"Validation error","service":"indetity-service","timestamp":"2026-02-23T20:19:37.381Z"}
{"level":"info","message":"Identity service running on PORT: 3001","service":"indetity-service","timestamp":"2026-02-24T17:11:56.290Z"}
{"level":"info","message":"Connected to mongodb","service":"indetity-service","timestamp":"2026-02-24T17:11:57.752Z"}
{"level":"info","message":"Identity service running on PORT: 3001","service":"indetity-service","timestamp":"2026-02-24T17:25:28.256Z"}
{"level":"info","message":"Connected to mongodb","service":"indetity-service","timestamp":"2026-02-24T17:25:28.779Z"}
{"level":"error","message":"BadRequestError: request aborted\n    at onAborted (/Users/tusharmaithani/console/nodejs-tutorial/identity-service/node_modules/raw-body/index.js:245:10)\n    at emit (node:events:92:22)\n    at IncomingMessage_destroy (node:_http_incoming:167:42)\n    at _destroy (internal:streams/destroy:63:18)\n    at destroy (internal:streams/destroy:41:13)\n    at #onClose (node:_http_server:494:20)\n    at _destroy (node:_http_server:528:22)\n    at _destroy (internal:streams/destroy:63:18)\n    at destroy (internal:streams/destroy:41:13)\n    at <anonymous> (internal:streams/writable:596:23)\n    at onServerRequestEvent (node:_http_server:397:23)","service":"indetity-service","timestamp":"2026-02-24T20:24:15.423Z"}
{"level":"error","message":"BadRequestError: request aborted\n    at onAborted (/Users/tusharmaithani/console/nodejs-tutorial/identity-service/node_modules/raw-body/index.js:245:10)\n    at emit (node:events:92:22)\n    at IncomingMessage_destroy (node:_http_incoming:167:42)\n    at _destroy (internal:streams/destroy:63:18)\n    at destroy (internal:streams/destroy:41:13)\n    at #onClose (node:_http_server:494:20)\n    at _destroy (node:_http_server:528:22)\n    at _destroy (internal:streams/destroy:63:18)\n    at destroy (internal:streams/destroy:41:13)\n    at <anonymous> (internal:streams/writable:596:23)\n    at onServerRequestEvent (node:_http_server:397:23)","service":"indetity-service","timestamp":"2026-02-24T20:24:15.427Z"}
{"level":"error","message":"BadRequestError: request aborted\n    at onAborted (/Users/tusharmaithani/console/nodejs-tutorial/identity-service/node_modules/raw-body/index.js:245:10)\n    at emit (node:events:92:22)\n    at IncomingMessage_destroy (node:_http_incoming:167:42)\n    at _destroy (internal:streams/destroy:63:18)\n    at destroy (internal:streams/destroy:41:13)\n    at #onClose (node:_http_server:494:20)\n    at _destroy (node:_http_server:528:22)\n    at _destroy (internal:streams/destroy:63:18)\n    at destroy (internal:streams/destroy:41:13)\n    at <anonymous> (internal:streams/writable:596:23)\n    at onServerRequestEvent (node:_http_server:397:23)","service":"indetity-service","timestamp":"2026-02-24T20:24:15.427Z"}
{"level":"error","message":"BadRequestError: request aborted\n    at onAborted (/Users/tusharmaithani/console/nodejs-tutorial/identity-service/node_modules/raw-body/index.js:245:10)\n    at emit (node:events:92:22)\n    at IncomingMessage_destroy (node:_http_incoming:167:42)\n    at _destroy (internal:streams/destroy:63:18)\n    at destroy (internal:streams/destroy:41:13)\n    at #onClose (node:_http_server:494:20)\n    at _destroy (node:_http_server:528:22)\n    at _destroy (internal:streams/destroy:63:18)\n    at destroy (internal:streams/destroy:41:13)\n    at <anonymous> (internal:streams/writable:596:23)\n    at onServerRequestEvent (node:_http_server:397:23)","service":"indetity-service","timestamp":"2026-02-24T20:25:33.919Z"}
{"level":"error","message":"BadRequestError: request aborted\n    at onAborted (/Users/tusharmaithani/console/nodejs-tutorial/identity-service/node_modules/raw-body/index.js:245:10)\n    at emit (node:events:92:22)\n    at IncomingMessage_destroy (node:_http_incoming:167:42)\n    at _destroy (internal:streams/destroy:63:18)\n    at destroy (internal:streams/destroy:41:13)\n    at #onClose (node:_http_server:494:20)\n    at _destroy (node:_http_server:528:22)\n    at _destroy (internal:streams/destroy:63:18)\n    at destroy (internal:streams/destroy:41:13)\n    at <anonymous> (internal:streams/writable:596:23)\n    at onServerRequestEvent (node:_http_server:397:23)","service":"indetity-service","timestamp":"2026-02-24T20:25:33.921Z"}
{"level":"info","message":"Identity service running on PORT: 3001","service":"indetity-service","timestamp":"2026-02-24T20:25:44.393Z"}
{"level":"info","message":"Connected to mongodb","service":"indetity-service","timestamp":"2026-02-24T20:25:44.987Z"}
{"level":"error","message":"BadRequestError: request aborted\n    at onAborted (/Users/tusharmaithani/console/nodejs-tutorial/identity-service/node_modules/raw-body/index.js:245:10)\n    at emit (node:events:92:22)\n    at IncomingMessage_destroy (node:_http_incoming:167:42)\n    at _destroy (internal:streams/destroy:63:18)\n    at destroy (internal:streams/destroy:41:13)\n    at #onClose (node:_http_server:494:20)\n    at _destroy (node:_http_server:528:22)\n    at _destroy (internal:streams/destroy:63:18)\n    at destroy (internal:streams/destroy:41:13)\n    at <anonymous> (internal:streams/writable:596:23)\n    at onServerRequestEvent (node:_http_server:397:23)","service":"indetity-service","timestamp":"2026-02-24T20:29:28.138Z"}
